\BOOKMARK [0][-]{chapter.1}{\376\377\000B\000u\000t\000s\000\040\000d\000u\000\040\000d\000o\000c\000u\000m\000e\000n\000t}{}% 1
\BOOKMARK [1][-]{section.1.1}{\376\377\000B\000u\000t\000s}{chapter.1}% 2
\BOOKMARK [1][-]{section.1.2}{\376\377\000G\000u\000i\000d\000e\000\040\000d\000e\000\040\000l\000e\000c\000t\000u\000r\000e}{chapter.1}% 3
\BOOKMARK [1][-]{section.1.3}{\376\377\000C\000o\000n\000v\000e\000n\000t\000i\000o\000n\000s\000\040\000t\000y\000p\000o\000g\000r\000a\000p\000h\000i\000q\000u\000e\000s}{chapter.1}% 4
\BOOKMARK [0][-]{chapter.2}{\376\377\000D\000o\000c\000u\000m\000e\000n\000t\000s\000\040\000a\000p\000p\000l\000i\000c\000a\000b\000l\000e\000s\000\040\000e\000t\000\040\000d\000e\000\040\000r\000\351\000f\000\351\000r\000e\000n\000c\000e}{}% 5
\BOOKMARK [0][-]{chapter.3}{\376\377\000P\000r\000\351\000s\000e\000n\000t\000a\000t\000i\000o\000n\000\040\000d\000u\000\040\000l\000o\000g\000i\000c\000i\000e\000l}{}% 6
\BOOKMARK [1][-]{section.3.1}{\376\377\000O\000b\000j\000e\000c\000t\000i\000f\000s\000\040\000d\000u\000\040\000l\000o\000g\000i\000c\000i\000e\000l}{chapter.3}% 7
\BOOKMARK [1][-]{section.3.2}{\376\377\000E\000n\000v\000i\000r\000o\000n\000n\000e\000m\000e\000n\000t\000\040\000d\000u\000\040\000l\000o\000g\000i\000c\000i\000e\000l}{chapter.3}% 8
\BOOKMARK [2][-]{subsection.3.2.1}{\376\377\000M\000a\000t\000\351\000r\000i\000e\000l}{section.3.2}% 9
\BOOKMARK [2][-]{subsection.3.2.2}{\376\377\000I\000n\000t\000e\000r\000f\000a\000c\000e\000s}{section.3.2}% 10
\BOOKMARK [2][-]{subsection.3.2.3}{\376\377\000U\000t\000i\000l\000i\000s\000a\000t\000e\000u\000r\000s}{section.3.2}% 11
\BOOKMARK [2][-]{subsection.3.2.4}{\376\377\000E\000n\000v\000i\000r\000o\000n\000n\000e\000m\000e\000n\000t\000\040\000\340\000\040\000b\000o\000r\000d\000\040\000d\000'\000u\000n\000\040\000n\000a\000v\000i\000r\000e}{section.3.2}% 12
\BOOKMARK [2][-]{subsection.3.2.5}{\376\377\000E\000n\000v\000i\000r\000o\000n\000n\000e\000m\000e\000n\000t\000\040\000a\000u\000\040\000b\000u\000r\000e\000a\000u}{section.3.2}% 13
\BOOKMARK [0][-]{chapter.4}{\376\377\000S\000p\000\351\000c\000i\000f\000i\000c\000a\000t\000i\000o\000n\000\040\000g\000\351\000n\000\351\000r\000a\000l\000e\000s}{}% 14
\BOOKMARK [1][-]{section.4.1}{\376\377\000D\000e\000s\000c\000r\000i\000p\000t\000i\000o\000n\000\040\000d\000e\000s\000\040\000s\000e\000r\000v\000i\000c\000e\000s\000\040\000a\000t\000t\000e\000n\000d\000u\000s}{chapter.4}% 15
\BOOKMARK [1][-]{section.4.2}{\376\377\000D\000e\000s\000c\000r\000i\000p\000t\000i\000o\000n\000\040\000g\000\351\000n\000\351\000r\000a\000l\000e\000\040\000d\000e\000s\000\040\000f\000o\000n\000c\000t\000i\000o\000n\000s}{chapter.4}% 16
\BOOKMARK [2][-]{subsection.4.2.1}{\376\377\000R\000\351\000c\000e\000p\000t\000i\000o\000n\000\040\000e\000t\000\040\000\351\000m\000i\000s\000s\000i\000o\000n\000\040\000d\000e\000\040\000d\000o\000n\000n\000\351\000e\000s}{section.4.2}% 17
\BOOKMARK [2][-]{subsection.4.2.2}{\376\377\000D\000\351\000c\000o\000d\000a\000g\000e\000,\000\040\000c\000o\000d\000a\000g\000e\000\040\000e\000t\000\040\000c\000o\000n\000v\000e\000r\000s\000i\000o\000n\000\040\000d\000e\000\040\000d\000o\000n\000n\000\351\000e\000s}{section.4.2}% 18
\BOOKMARK [2][-]{subsection.4.2.3}{\376\377\000t\000r\000a\000i\000t\000e\000m\000e\000n\000t\000s\000\040\000e\000t\000\040\000c\000a\000l\000c\000u\000l\000s}{section.4.2}% 19
\BOOKMARK [2][-]{subsection.4.2.4}{\376\377\000G\000e\000s\000t\000i\000o\000n\000\040\000d\000u\000\040\000t\000a\000b\000l\000e\000a\000u\000\040\000d\000e\000\040\000b\000o\000r\000d\000\040\000:\000\040\000a\000f\000f\000i\000c\000h\000a\000g\000e\000\040\000e\000t\000\040\000s\000a\000i\000s\000i\000e}{section.4.2}% 20
\BOOKMARK [2][-]{subsection.4.2.5}{\376\377\000E\000n\000r\000e\000g\000i\000s\000t\000r\000e\000m\000e\000n\000t\000\040\000e\000t\000\040\000r\000e\000l\000e\000c\000t\000u\000r\000e}{section.4.2}% 21
\BOOKMARK [1][-]{section.4.3}{\376\377\000E\000x\000i\000g\000e\000n\000c\000e\000s\000\040\000o\000p\000\351\000r\000a\000t\000i\000o\000n\000n\000e\000l\000l\000e\000s}{chapter.4}% 22
\BOOKMARK [2][-]{subsection.4.3.1}{\376\377\000C\000o\000n\000t\000r\000a\000i\000n\000t\000e\000s\000\040\000d\000'\000e\000x\000p\000l\000o\000i\000t\000a\000t\000i\000o\000n}{section.4.3}% 23
\BOOKMARK [2][-]{subsection.4.3.2}{\376\377\000M\000o\000d\000e\000s\000\040\000d\000e\000\040\000f\000o\000n\000c\000t\000i\000o\000n\000n\000e\000m\000e\000n\000t}{section.4.3}% 24
\BOOKMARK [2][-]{subsection.4.3.3}{\376\377\000E\000x\000i\000g\000e\000n\000c\000e\000s\000\040\000d\000e\000\040\000l\000'\000e\000n\000v\000i\000r\000o\000n\000n\000e\000m\000e\000n\000t}{section.4.3}% 25
\BOOKMARK [2][-]{subsection.4.3.4}{\376\377\000C\000a\000p\000a\000c\000i\000t\000\351}{section.4.3}% 26
\BOOKMARK [2][-]{subsection.4.3.5}{\376\377\000P\000e\000r\000f\000o\000r\000m\000a\000n\000c\000e\000s}{section.4.3}% 27
\BOOKMARK [2][-]{subsection.4.3.6}{\376\377\000P\000a\000r\000a\000m\000\351\000t\000r\000a\000g\000e}{section.4.3}% 28
\BOOKMARK [2][-]{subsection.4.3.7}{\376\377\000C\000o\000n\000t\000r\000a\000i\000n\000t\000e\000s\000\040\000e\000n\000t\000r\000e\000\040\000l\000e\000\040\000m\000a\000t\000\351\000r\000i\000e\000l\000\040\000e\000t\000\040\000l\000e\000\040\000l\000o\000g\000i\000c\000i\000e\000l}{section.4.3}% 29
\BOOKMARK [2][-]{subsection.4.3.8}{\376\377\000S\000\373\000r\000e\000t\000\351\000\040\000d\000e\000\040\000f\000o\000n\000c\000t\000i\000o\000n\000n\000e\000m\000e\000n\000t}{section.4.3}% 30
\BOOKMARK [2][-]{subsection.4.3.9}{\376\377\000E\000x\000i\000g\000e\000n\000c\000e\000s\000\040\000d\000e\000\040\000d\000\351\000v\000e\000l\000o\000p\000p\000e\000m\000e\000n\000t\000,\000\040\000d\000e\000\040\000m\000a\000i\000n\000t\000e\000n\000a\000n\000c\000e\000\040\000e\000t\000\040\000d\000'\000e\000x\000p\000\351\000r\000i\000m\000e\000n\000t\000a\000t\000i\000o\000n}{section.4.3}% 31
\BOOKMARK [2][-]{subsection.4.3.10}{\376\377\000E\000x\000i\000g\000e\000n\000c\000e\000\040\000o\000r\000g\000a\000n\000i\000s\000a\000t\000i\000o\000n\000n\000e\000l\000l\000e\000s}{section.4.3}% 32
\BOOKMARK [1][-]{section.4.4}{\376\377\000E\000x\000i\000g\000e\000n\000c\000e\000s\000\040\000t\000e\000c\000h\000n\000i\000q\000u\000e\000s}{chapter.4}% 33
\BOOKMARK [2][-]{subsection.4.4.1}{\376\377\000A\000r\000c\000h\000i\000t\000e\000c\000t\000u\000r\000e\000\040\000m\000a\000t\000\351\000r\000i\000e\000l\000l\000e\000\040\000i\000m\000p\000o\000s\000\351\000e}{section.4.4}% 34
\BOOKMARK [2][-]{subsection.4.4.2}{\376\377\000L\000a\000n\000g\000a\000g\000e\000,\000\040\000i\000n\000t\000e\000r\000p\000r\000\351\000t\000e\000u\000r\000\040\000e\000t\000\040\000l\000i\000b\000r\000a\000i\000r\000i\000e\000s\000\040\000i\000m\000p\000o\000s\000\351\000s}{section.4.4}% 35
\BOOKMARK [0][-]{chapter.5}{\376\377\000S\000p\000\351\000c\000i\000f\000i\000c\000a\000t\000i\000o\000n\000s\000\040\000d\000\351\000t\000a\000i\000l\000l\000\351\000e\000s}{}% 36
\BOOKMARK [1][-]{section.5.1}{\376\377\000C\000a\000n\000a\000u\000x\000\040\000d\000e\000\040\000d\000o\000n\000n\000\351\000e\000s}{chapter.5}% 37
\BOOKMARK [1][-]{section.5.2}{\376\377\000R\000\351\000c\000e\000p\000t\000i\000o\000n\000\040\000e\000t\000\040\000l\000e\000c\000t\000u\000r\000e\000\040\000d\000e\000\040\000d\000o\000n\000n\000\351\000e\000s}{chapter.5}% 38
\BOOKMARK [1][-]{section.5.3}{\376\377\000E\000x\000p\000o\000r\000t\000\040\000e\000t\000\040\000e\000n\000r\000e\000g\000i\000s\000t\000r\000e\000m\000e\000n\000t\000\040\000d\000e\000\040\000d\000o\000n\000n\000\351\000e\000s}{chapter.5}% 39
\BOOKMARK [1][-]{section.5.4}{\376\377\000D\000\351\000c\000o\000d\000a\000g\000e\000,\000\040\000c\000o\000d\000a\000g\000e\000\040\000e\000t\000\040\000c\000o\000n\000v\000e\000r\000s\000i\000o\000n\000\040\000d\000e\000\040\000d\000o\000n\000n\000\351\000e\000s}{chapter.5}% 40
\BOOKMARK [2][-]{subsection.5.4.1}{\376\377\000D\000\351\000c\000o\000d\000a\000g\000e\000\040\000d\000e\000s\000\040\000t\000r\000a\000m\000e\000s\000\040\000N\000M\000E\000A\0000\0001\0008\0003}{section.5.4}% 41
\BOOKMARK [2][-]{subsection.5.4.2}{\376\377\000D\000\351\000c\000o\000d\000a\000g\000e\000\040\000d\000e\000s\000\040\000t\000r\000a\000m\000e\000s\000\040\000d\000e\000\040\000N\000a\000u\000t\000e\000f\000f\000-\000A\000P}{section.5.4}% 42
\BOOKMARK [1][-]{section.5.5}{\376\377\000t\000r\000a\000i\000t\000e\000m\000e\000n\000t\000s\000\040\000e\000t\000\040\000c\000a\000l\000c\000u\000l\000s}{chapter.5}% 43
\BOOKMARK [2][-]{subsection.5.5.1}{\376\377\000d\000e\000s\000c\000r\000i\000p\000t\000i\000o\000n\000\040\000g\000\351\000n\000\351\000r\000a\000l\000e\000\040\000d\000e\000s\000\040\000c\000a\000l\000c\000u\000l\000s}{section.5.5}% 44
\BOOKMARK [2][-]{subsection.5.5.2}{\376\377\000c\000a\000l\000c\000u\000l\000s\000\040\000d\000'\000o\000r\000i\000e\000n\000t\000a\000t\000i\000o\000n\000\040\000:\000\040\000O\000r\000i\000e\000n\000t\000a\000t\000i\000o\000n}{section.5.5}% 45
\BOOKMARK [2][-]{subsection.5.5.3}{\376\377\000C\000a\000l\000c\000u\000l\000\040\000d\000'\000o\000r\000i\000e\000n\000t\000a\000t\000i\000o\000n\000,\000\040\000d\000e\000\040\000v\000a\000r\000i\000a\000t\000i\000o\000n\000s\000\040\000e\000t\000\040\000d\000e\000\040\000t\000e\000n\000d\000a\000n\000c\000e}{section.5.5}% 46
\BOOKMARK [2][-]{subsection.5.5.4}{\376\377\000C\000a\000l\000c\000u\000l\000\040\000d\000e\000\040\000g\000a\000i\000n\000\040\000a\000u\000\040\000v\000e\000n\000t\000\040\000\050\000V\000M\000G\000\051}{section.5.5}% 47
\BOOKMARK [2][-]{subsection.5.5.5}{\376\377\000C\000a\000l\000c\000u\000l\000\040\000d\000'\000h\000e\000u\000r\000e\000\040\000e\000s\000t\000i\000m\000\351\000e\000\040\000d\000'\000a\000r\000r\000i\000v\000\351\000e\000\040\000\050\000E\000T\000A\000\051}{section.5.5}% 48
\BOOKMARK [1][-]{section.5.6}{\376\377\000T\000a\000b\000l\000e\000a\000u\000\040\000d\000e\000\040\000b\000o\000r\000d\000\040\000e\000t\000\040\000s\000e\000s\000\040\000i\000n\000s\000t\000r\000u\000m\000e\000n\000t\000s}{chapter.5}% 49
\BOOKMARK [2][-]{subsection.5.6.1}{\376\377\000D\000e\000s\000c\000r\000i\000p\000t\000i\000o\000n\000\040\000g\000\351\000n\000\351\000r\000a\000l\000e\000\040\000d\000u\000\040\000t\000a\000b\000l\000e\000a\000u\000\040\000d\000e\000\040\000b\000o\000r\000d}{section.5.6}% 50
\BOOKMARK [2][-]{subsection.5.6.2}{\376\377\000A\000f\000f\000i\000c\000h\000e\000u\000r\000\040\000a\000t\000t\000i\000t\000u\000d\000e\000,\000\040\000h\000o\000r\000i\000z\000o\000n\000\040\000a\000r\000t\000i\000f\000i\000c\000i\000e\000l}{section.5.6}% 51
\BOOKMARK [2][-]{subsection.5.6.3}{\376\377\000A\000f\000f\000i\000c\000h\000e\000u\000r\000\040\000H\000o\000r\000l\000o\000g\000e}{section.5.6}% 52
\BOOKMARK [2][-]{subsection.5.6.4}{\376\377\000A\000f\000f\000i\000c\000h\000e\000u\000r\000\040\000d\000e\000\040\000c\000a\000p}{section.5.6}% 53
\BOOKMARK [2][-]{subsection.5.6.5}{\376\377\000A\000f\000f\000i\000c\000h\000e\000u\000r\000\040\000s\000o\000n\000d\000e\000u\000r\000\040\000s\000i\000m\000p\000l\000e\000\040\000e\000t\000\040\000g\000r\000a\000p\000h\000i\000q\000u\000e}{section.5.6}% 54
\BOOKMARK [2][-]{subsection.5.6.6}{\376\377\000V\000i\000t\000e\000s\000s\000e\000\040\000d\000u\000\040\000n\000a\000v\000i\000r\000e}{section.5.6}% 55
\BOOKMARK [2][-]{subsection.5.6.7}{\376\377\000A\000f\000f\000i\000c\000h\000e\000u\000r\000\040\000v\000e\000n\000t\000\040\000e\000t\000\040\000l\000o\000u\000p\000e\000\040\000d\000e\000\040\000p\000r\000\350\000s}{section.5.6}% 56
\BOOKMARK [2][-]{subsection.5.6.8}{\376\377\000A\000f\000f\000i\000c\000h\000e\000u\000r\000\040\000A\000c\000c\000\351\000l\000\351\000r\000o\000m\000\350\000t\000r\000e\000\040\0003\000D}{section.5.6}% 57
\BOOKMARK [2][-]{subsection.5.6.9}{\376\377\000A\000f\000f\000i\000c\000h\000e\000u\000r\000\040\000G\000y\000r\000o\000m\000\350\000t\000r\000e\000\040\0003\000D}{section.5.6}% 58
\BOOKMARK [2][-]{subsection.5.6.10}{\376\377\000A\000f\000f\000i\000c\000h\000e\000u\000r\000\040\000M\000a\000g\000n\000\351\000t\000o\000m\000\350\000t\000r\000e\000\040\0003\000D}{section.5.6}% 59
\BOOKMARK [2][-]{subsection.5.6.11}{\376\377\000C\000o\000m\000m\000a\000n\000d\000e\000\040\000P\000i\000l\000o\000t\000e\000\040\000a\000u\000t\000o\000m\000a\000t\000i\000q\000u\000e}{section.5.6}% 60
\BOOKMARK [2][-]{subsection.5.6.12}{\376\377\000D\000o\000n\000n\000\351\000e\000s\000\040\000a\000f\000f\000i\000c\000h\000\351\000e\000s}{section.5.6}% 61
\BOOKMARK [2][-]{subsection.5.6.13}{\376\377\000C\000o\000m\000m\000a\000n\000d\000e\000s}{section.5.6}% 62
\BOOKMARK [2][-]{subsection.5.6.14}{\376\377\000A\000l\000a\000r\000m\000e\000s}{section.5.6}% 63
\BOOKMARK [2][-]{subsection.5.6.15}{\376\377\000P\000a\000r\000a\000m\000\350\000t\000r\000e\000s}{section.5.6}% 64
\BOOKMARK [2][-]{subsection.5.6.16}{\376\377\000E\000n\000t\000r\000\351\000e\000s}{section.5.6}% 65
\BOOKMARK [2][-]{subsection.5.6.17}{\376\377\000S\000o\000r\000t\000i\000e\000s}{section.5.6}% 66
\BOOKMARK [2][-]{subsection.5.6.18}{\376\377\000M\000a\000r\000\351\000e}{section.5.6}% 67
\BOOKMARK [1][-]{section.5.7}{\376\377\000A\000u\000t\000r\000e\000s\000\040\000i\000n\000s\000t\000r\000u\000m\000e\000n\000t\000s}{chapter.5}% 68
\BOOKMARK [1][-]{section.5.8}{\376\377\000E\000n\000r\000e\000g\000i\000s\000t\000r\000e\000m\000e\000n\000t\000\040\000e\000t\000\040\000r\000e\000l\000e\000c\000t\000u\000r\000e}{chapter.5}% 69
\BOOKMARK [0][-]{chapter.6}{\376\377\000D\000e\000s\000c\000r\000i\000p\000t\000i\000o\000n\000\040\000d\000e\000s\000\040\000i\000n\000f\000o\000r\000m\000a\000t\000i\000o\000n\000s}{}% 70
\BOOKMARK [1][-]{section.6.1}{\376\377\000C\000o\000d\000a\000g\000e\000\040\000d\000e\000s\000\040\000d\000o\000n\000n\000\351\000e\000s}{chapter.6}% 71
\BOOKMARK [2][-]{subsection.6.1.1}{\376\377\000H\000a\000u\000t\000e\000u\000r\000\040\000d\000'\000e\000a\000u}{section.6.1}% 72
\BOOKMARK [2][-]{subsection.6.1.2}{\376\377\000V\000e\000n\000t\000\040\000a\000p\000p\000a\000r\000e\000n\000t}{section.6.1}% 73
\BOOKMARK [1][-]{section.6.2}{\376\377\000F\000i\000c\000h\000i\000e\000r\000\040\000d\000e\000\040\000c\000o\000n\000f\000i\000g\000u\000r\000a\000t\000i\000o\000n}{chapter.6}% 74
\BOOKMARK [1][-]{section.6.3}{\376\377\000O\000p\000t\000i\000o\000n\000s\000\040\000d\000e\000\040\000l\000a\000\040\000l\000i\000g\000n\000e\000\040\000d\000e\000\040\000c\000o\000m\000m\000a\000n\000d\000e}{chapter.6}% 75
